<?xml version="1.0" encoding="UTF-8"?>
<!-- Generated by org.testng.reporters.JUnitReportReporter -->
<testsuite hostname="DESKTOP-RSKVN9N" name="APITesting.com.org.api.WheatherGetRequests" tests="1" failures="0" timestamp="17 Apr 2018 10:46:46 GMT" time="4.306" errors="0">
  <testcase name="test_10" time="4.306" classname="APITesting.com.org.api.WheatherGetRequests"/>
</testsuite> <!-- APITesting.com.org.api.WheatherGetRequests -->
