<?xml version="1.0" encoding="UTF-8"?>
<!-- Generated by org.testng.reporters.JUnitReportReporter -->
<testsuite hostname="DESKTOP-RSKVN9N" name="APITesting.com.org.api.JasonServerResquests" tests="2" failures="0" timestamp="17 Apr 2018 16:24:30 GMT" time="2.785" errors="0">
  <testcase name="test_10" time="0.111" classname="APITesting.com.org.api.JasonServerResquests"/>
  <testcase name="test_05" time="2.674" classname="APITesting.com.org.api.JasonServerResquests"/>
</testsuite> <!-- APITesting.com.org.api.JasonServerResquests -->
